[2021-12-06 12:10:03+00:00] INFO: Installer API request received {"method":"GET","endpoint":"checkApi"} 
[2021-12-06 12:10:03+00:00] NOTICE: Trying Winter CMS API  
[2021-12-06 12:10:03+00:00] INFO: Installer API request received {"method":"GET","endpoint":"checkPhpVersion"} 
[2021-12-06 12:10:03+00:00] NOTICE: Compared PHP version {"installed":"7.3.13","needed":"7.2.9"} 
[2021-12-06 12:10:03+00:00] NOTICE: PHP version requirement met.  
[2021-12-06 12:10:03+00:00] INFO: Installer API request received {"method":"GET","endpoint":"checkPhpExtensions"} 
[2021-12-06 12:10:03+00:00] NOTICE: Checking PHP "curl" extension  
[2021-12-06 12:10:03+00:00] NOTICE: Checking PHP "json" extension  
[2021-12-06 12:10:03+00:00] NOTICE: Checking PHP "pdo" extension  
[2021-12-06 12:10:03+00:00] NOTICE: Checking PHP "zip" extension  
[2021-12-06 12:10:03+00:00] NOTICE: Checking PHP "mbstring" extension  
[2021-12-06 12:10:03+00:00] NOTICE: Checking PHP "fileinfo" extension  
[2021-12-06 12:10:03+00:00] NOTICE: Checking PHP "openssl" extension  
[2021-12-06 12:10:03+00:00] NOTICE: Checking PHP "gd" extension  
[2021-12-06 12:10:03+00:00] NOTICE: Checking PHP "filter" extension  
[2021-12-06 12:10:03+00:00] NOTICE: Checking PHP "hash" extension  
[2021-12-06 12:10:03+00:00] NOTICE: Checking PHP "dom" extension  
[2021-12-06 12:10:03+00:00] NOTICE: Required PHP extensions are installed.  
[2021-12-06 12:10:03+00:00] INFO: Winter API request {"method":"GET","uri":"ping"} 
[2021-12-06 12:10:04+00:00] NOTICE: Response received from Winter CMS API {"response":"pong"} 
[2021-12-06 12:10:04+00:00] NOTICE: Winter CMS API connection successful.  
[2021-12-06 12:12:49+00:00] INFO: Installer API request received {"method":"GET","endpoint":"checkWriteAccess"} 
[2021-12-06 12:12:49+00:00] NOTICE: Current working directory is writable.  
[2021-12-06 12:12:49+00:00] INFO: Installer API request received {"method":"POST","endpoint":"checkDatabase"} 
[2021-12-06 12:12:49+00:00] NOTICE: Check database connection  
[2021-12-06 12:12:49+00:00] ERROR: Database could not be connected to. {"code":500,"exception":"SQLSTATE[HY000] [1049] Unknown database 'any-winter117'"} 
[2021-12-06 12:15:07+00:00] INFO: Installer API request received {"method":"POST","endpoint":"checkDatabase"} 
[2021-12-06 12:15:07+00:00] NOTICE: Check database connection  
[2021-12-06 12:15:07+00:00] INFO: Installer API request received {"method":"GET","endpoint":"checkWriteAccess"} 
[2021-12-06 12:15:07+00:00] NOTICE: Current working directory is writable.  
[2021-12-06 12:15:07+00:00] ERROR: Database could not be connected to. {"code":500,"exception":"SQLSTATE[HY000] [1049] Unknown database 'any-winter117'"} 
[2021-12-06 12:15:10+00:00] INFO: Installer API request received {"method":"GET","endpoint":"checkWriteAccess"} 
[2021-12-06 12:15:10+00:00] NOTICE: Current working directory is writable.  
[2021-12-06 12:15:10+00:00] INFO: Installer API request received {"method":"POST","endpoint":"checkDatabase"} 
[2021-12-06 12:15:10+00:00] NOTICE: Check database connection  
[2021-12-06 12:15:10+00:00] ERROR: Database could not be connected to. {"code":500,"exception":"SQLSTATE[HY000] [1049] Unknown database 'any-winter117'"} 
[2021-12-06 12:15:36+00:00] INFO: Installer API request received {"method":"POST","endpoint":"checkDatabase"} 
[2021-12-06 12:15:36+00:00] NOTICE: Check database connection  
[2021-12-06 12:15:36+00:00] INFO: Installer API request received {"method":"GET","endpoint":"checkWriteAccess"} 
[2021-12-06 12:15:36+00:00] NOTICE: Current working directory is writable.  
[2021-12-06 12:15:36+00:00] NOTICE: Found 0 table(s) {"tables":""} 
[2021-12-06 12:15:36+00:00] NOTICE: Database connection established and verified empty  
[2021-12-06 12:15:38+00:00] INFO: Installer API request received {"method":"POST","endpoint":"downloadWinter"} 
[2021-12-06 12:15:38+00:00] NOTICE: Try downloading Winter CMS archive  
[2021-12-06 12:15:38+00:00] NOTICE: Downloading Winter ZIP via cURL {"url":"https://github.com/wintercms/winter/archive/refs/heads/1.1.zip"} 
[2021-12-06 12:16:16+00:00] NOTICE: Winter CMS ZIP file downloaded {"path":"/Users/HeartSwami/Sites/anycolor117/.wintercms/winter.zip"} 
[2021-12-06 12:16:16+00:00] INFO: Installer API request received {"method":"POST","endpoint":"extractWinter"} 
[2021-12-06 12:16:16+00:00] NOTICE: Begin extracting Winter CMS archive  
[2021-12-06 12:16:25+00:00] NOTICE: Move subfoldered files into position {"subfolder":"winter-1.1/"} 
[2021-12-06 12:16:25+00:00] NOTICE: Remove ZIP subfolder {"subfolder":"winter-1.1/"} 
[2021-12-06 12:16:25+00:00] NOTICE: Make artisan command-line tool executable {"path":"/Users/HeartSwami/Sites/anycolor117/.wintercms/artisan"} 
[2021-12-06 12:16:25+00:00] NOTICE: Remove Composer Merge plugin from composer.json if found  
[2021-12-06 12:16:25+00:00] NOTICE: Found merge plugin in required packages - removing  
[2021-12-06 12:16:25+00:00] NOTICE: Found merge plugin config in "extra" config definition - removing  
[2021-12-06 12:16:25+00:00] INFO: Installer API request received {"method":"POST","endpoint":"lockDependencies"} 
[2021-12-06 12:16:25+00:00] NOTICE: Create Composer instance  
[2021-12-06 12:16:25+00:00] NOTICE: Set memory limit to 1.5GB  
[2021-12-06 12:16:25+00:00] NOTICE: Set work directory for Composer {"path":"/Users/HeartSwami/Sites/anycolor117/.wintercms"} 
[2021-12-06 12:16:25+00:00] NOTICE: Create home/cache directory for Composer {"path":"/Users/HeartSwami/Sites/anycolor117/.wintercms/.composer"} 
[2021-12-06 12:16:25+00:00] NOTICE: Set home/cache directory for Composer {"path":"/Users/HeartSwami/Sites/anycolor117/.wintercms/.composer"} 
[2021-12-06 12:16:25+00:00] NOTICE: Run Composer "update" command - generate only a lockfile  
[2021-12-06 12:16:33+00:00] NOTICE: Locked Composer packages {"numPackages":105,"lockFile":"/Users/HeartSwami/Sites/anycolor117/.wintercms/composer.lock"} 
[2021-12-06 12:16:33+00:00] INFO: Installer API request received {"method":"POST","endpoint":"installDependencies"} 
[2021-12-06 12:16:33+00:00] NOTICE: Create Composer instance  
[2021-12-06 12:16:33+00:00] NOTICE: Set memory limit to 1.5GB  
[2021-12-06 12:16:33+00:00] NOTICE: Set work directory for Composer {"path":"/Users/HeartSwami/Sites/anycolor117/.wintercms"} 
[2021-12-06 12:16:33+00:00] NOTICE: Set home/cache directory for Composer {"path":"/Users/HeartSwami/Sites/anycolor117/.wintercms/.composer"} 
[2021-12-06 12:16:33+00:00] NOTICE: Run Composer "install" command - install from lockfile  
[2021-12-06 12:17:26+00:00] NOTICE: Installed Composer packages {"numPackages":105} 
[2021-12-06 12:17:26+00:00] INFO: Installer API request received {"method":"POST","endpoint":"setupConfig"} 
[2021-12-06 12:17:26+00:00] NOTICE: Booting Laravel framework  
[2021-12-06 12:17:26+00:00] NOTICE: Loading autoloader  
[2021-12-06 12:17:28+00:00] NOTICE: Bootstrapping kernel  
[2021-12-06 12:17:29+00:00] NOTICE: Rewriting config {"path":"/Users/HeartSwami/Sites/anycolor117/.wintercms/config/app.php"} 
[2021-12-06 12:17:29+00:00] NOTICE: Rewriting config {"path":"/Users/HeartSwami/Sites/anycolor117/.wintercms/config/cms.php"} 
[2021-12-06 12:17:29+00:00] NOTICE: Rewriting config {"path":"/Users/HeartSwami/Sites/anycolor117/.wintercms/config/database.php"} 
[2021-12-06 12:17:29+00:00] NOTICE: Flushing OPCache  
[2021-12-06 12:17:29+00:00] INFO: Installer API request received {"method":"POST","endpoint":"runMigrations"} 
[2021-12-06 12:17:29+00:00] NOTICE: Booting Laravel framework  
[2021-12-06 12:17:29+00:00] NOTICE: Loading autoloader  
[2021-12-06 12:17:30+00:00] NOTICE: Bootstrapping kernel  
[2021-12-06 12:17:30+00:00] NOTICE: Running artisan "config:clear" command  
[2021-12-06 12:17:31+00:00] NOTICE: Command finished. {"output":"Configuration cache cleared!\n"} 
[2021-12-06 12:17:31+00:00] NOTICE: Running database migrations  
[2021-12-06 12:17:33+00:00] NOTICE: Command finished. {"output":"Migrating application and plugins...\nMigration table created\nSystem\nMigrating: 2013_10_01_000001_Db_Deferred_Bindings\nMigrated:  2013_10_01_000001_Db_Deferred_Bindings (0.07 seconds)\nMigrating: 2013_10_01_000002_Db_System_Files\nMigrated:  2013_10_01_000002_Db_System_Files (0.05 seconds)\nMigrating: 2013_10_01_000003_Db_System_Plugin_Versions\nMigrated:  2013_10_01_000003_Db_System_Plugin_Versions (0.02 seconds)\nMigrating: 2013_10_01_000004_Db_System_Plugin_History\nMigrated:  2013_10_01_000004_Db_System_Plugin_History (0.03 seconds)\nMigrating: 2013_10_01_000005_Db_System_Settings\nMigrated:  2013_10_01_000005_Db_System_Settings (0.02 seconds)\nMigrating: 2013_10_01_000006_Db_System_Parameters\nMigrated:  2013_10_01_000006_Db_System_Parameters (0.02 seconds)\nMigrating: 2013_10_01_000007_Db_System_Add_Disabled_Flag\nMigrated:  2013_10_01_000007_Db_System_Add_Disabled_Flag (0.01 seconds)\nMigrating: 2013_10_01_000008_Db_System_Mail_Templates\nMigrated:  2013_10_01_000008_Db_System_Mail_Templates (0.02 seconds)\nMigrating: 2013_10_01_000009_Db_System_Mail_Layouts\nMigrated:  2013_10_01_000009_Db_System_Mail_Layouts (0.01 seconds)\nMigrating: 2014_10_01_000010_Db_Jobs\nMigrated:  2014_10_01_000010_Db_Jobs (0.01 seconds)\nMigrating: 2014_10_01_000011_Db_System_Event_Logs\nMigrated:  2014_10_01_000011_Db_System_Event_Logs (0.02 seconds)\nMigrating: 2014_10_01_000012_Db_System_Request_Logs\nMigrated:  2014_10_01_000012_Db_System_Request_Logs (0.01 seconds)\nMigrating: 2014_10_01_000013_Db_System_Sessions\nMigrated:  2014_10_01_000013_Db_System_Sessions (0.04 seconds)\nMigrating: 2015_10_01_000014_Db_System_Mail_Layout_Rename\nMigrated:  2015_10_01_000014_Db_System_Mail_Layout_Rename (0.01 seconds)\nMigrating: 2015_10_01_000015_Db_System_Add_Frozen_Flag\nMigrated:  2015_10_01_000015_Db_System_Add_Frozen_Flag (0.01 seconds)\nMigrating: 2015_10_01_000016_Db_Cache\nMigrated:  2015_10_01_000016_Db_Cache (0.03 seconds)\nMigrating: 2015_10_01_000017_Db_System_Revisions\nMigrated:  2015_10_01_000017_Db_System_Revisions (0.05 seconds)\nMigrating: 2015_10_01_000018_Db_FailedJobs\nMigrated:  2015_10_01_000018_Db_FailedJobs (0.02 seconds)\nMigrating: 2016_10_01_000019_Db_System_Plugin_History_Detail_Text\nMigrated:  2016_10_01_000019_Db_System_Plugin_History_Detail_Text (0.33 seconds)\nMigrating: 2016_10_01_000020_Db_System_Timestamp_Fix\nMigrated:  2016_10_01_000020_Db_System_Timestamp_Fix (0.12 seconds)\nMigrating: 2017_08_04_121309_Db_Deferred_Bindings_Add_Index_Session\nMigrated:  2017_08_04_121309_Db_Deferred_Bindings_Add_Index_Session (0.01 seconds)\nMigrating: 2017_10_01_000021_Db_System_Sessions_Update\nMigrated:  2017_10_01_000021_Db_System_Sessions_Update (0.01 seconds)\nMigrating: 2017_10_01_000022_Db_Jobs_FailedJobs_Update\nMigrated:  2017_10_01_000022_Db_Jobs_FailedJobs_Update (0.11 seconds)\nMigrating: 2017_10_01_000023_Db_System_Mail_Partials\nMigrated:  2017_10_01_000023_Db_System_Mail_Partials (0.01 seconds)\nMigrating: 2017_10_23_000024_Db_System_Mail_Layouts_Add_Options_Field\nMigrated:  2017_10_23_000024_Db_System_Mail_Layouts_Add_Options_Field (0.02 seconds)\nMigrating: 2021_10_01_000025_Db_Add_Pivot_Data_To_Deferred_Bindings\nMigrated:  2021_10_01_000025_Db_Add_Pivot_Data_To_Deferred_Bindings (0.04 seconds)\nBackend\nMigrating: 2013_10_01_000001_Db_Backend_Users\nMigrated:  2013_10_01_000001_Db_Backend_Users (0.08 seconds)\nMigrating: 2013_10_01_000002_Db_Backend_User_Groups\nMigrated:  2013_10_01_000002_Db_Backend_User_Groups (0.03 seconds)\nMigrating: 2013_10_01_000003_Db_Backend_Users_Groups\nMigrated:  2013_10_01_000003_Db_Backend_Users_Groups (0.03 seconds)\nMigrating: 2013_10_01_000004_Db_Backend_User_Throttle\nMigrated:  2013_10_01_000004_Db_Backend_User_Throttle (0.05 seconds)\nMigrating: 2014_01_04_000005_Db_Backend_User_Preferences\nMigrated:  2014_01_04_000005_Db_Backend_User_Preferences (0.02 seconds)\nMigrating: 2014_10_01_000006_Db_Backend_Access_Log\nMigrated:  2014_10_01_000006_Db_Backend_Access_Log (0.01 seconds)\nMigrating: 2014_10_01_000007_Db_Backend_Add_Description_Field\nMigrated:  2014_10_01_000007_Db_Backend_Add_Description_Field (0.02 seconds)\nMigrating: 2015_10_01_000008_Db_Backend_Add_Superuser_Flag\nMigrated:  2015_10_01_000008_Db_Backend_Add_Superuser_Flag (0.03 seconds)\nMigrating: 2016_10_01_000009_Db_Backend_Timestamp_Fix\nMigrated:  2016_10_01_000009_Db_Backend_Timestamp_Fix (0.05 seconds)\nMigrating: 2017_10_01_000010_Db_Backend_User_Roles\nMigrated:  2017_10_01_000010_Db_Backend_User_Roles (0.04 seconds)\nMigrating: 2018_12_16_000011_Db_Backend_Add_Deleted_At\nMigrated:  2018_12_16_000011_Db_Backend_Add_Deleted_At (0 seconds)\nCms\nMigrating: 2014_10_01_000001_Db_Cms_Theme_Data\nMigrated:  2014_10_01_000001_Db_Cms_Theme_Data (0.02 seconds)\nMigrating: 2016_10_01_000002_Db_Cms_Timestamp_Fix\nMigrated:  2016_10_01_000002_Db_Cms_Timestamp_Fix (0.01 seconds)\nMigrating: 2017_10_01_000003_Db_Cms_Theme_Logs\nMigrated:  2017_10_01_000003_Db_Cms_Theme_Logs (0.05 seconds)\nMigrating: 2018_11_01_000001_Db_Cms_Theme_Templates\nMigrated:  2018_11_01_000001_Db_Cms_Theme_Templates (0.03 seconds)\nWinter.Demo\n - v1.0.1:  First version of Demo\nSeeded System \nSeeded Backend \n\n\\Backend\\Database\\Seeds\\DatabaseSeeder reported:\n - The following password has been automatically generated for the \"admin\" account: QnCS0HSKoj5X4noWQIoJlq\n"} 
[2021-12-06 12:17:33+00:00] INFO: Installer API request received {"method":"POST","endpoint":"createAdmin"} 
[2021-12-06 12:17:33+00:00] NOTICE: Booting Laravel framework  
[2021-12-06 12:17:33+00:00] NOTICE: Loading autoloader  
[2021-12-06 12:17:33+00:00] NOTICE: Bootstrapping kernel  
[2021-12-06 12:17:33+00:00] NOTICE: Finding initial admin account  
[2021-12-06 12:17:33+00:00] NOTICE: Changing admin account to details provided in installation  
[2021-12-06 12:17:33+00:00] INFO: Installer API request received {"method":"POST","endpoint":"cleanUp"} 
[2021-12-06 12:17:33+00:00] NOTICE: Removing installation files  
[2021-12-06 12:17:33+00:00] NOTICE: Removing temporary installation folders  
[2021-12-06 12:17:37+00:00] NOTICE: Removing core development files  
[2021-12-06 12:17:37+00:00] NOTICE: Moving files from temporary work directory to final installation path {"workDir":"/Users/HeartSwami/Sites/anycolor117/.wintercms","installDir":"/Users/HeartSwami/Sites/anycolor117"} 
[2021-12-06 12:17:37+00:00] NOTICE: Removing work directory  
[2021-12-06 12:17:37+00:00] NOTICE: Installation complete!  
